Test BST_CONSTRUCTOR: PASSED
Test BST_INSERT: PASSED
Test BST_SEARCH: PASSED
Test BST_FIND_MIN: PASSED
Test BST_FIND_MAX: PASSED
Test BST_IS_EMPTY: PASSED
Test BST_PRINT_INORDER: FAILED
Test BST_GET_NODE_DATA: FAILED
Test BST_SUCCESSOR: FAILED
Test BST_PREDECESSOR: FAILED
Test BST_REMOVEBST_DECONSTRUCTOR: FAILED
Test NO_OF_TESTS: FAILED
6/12 tests were passed.
