Test BST_CONSTRUCTOR: PASSED
Test BST_INSERT_RECURSIVELY: PASSED
Test BST_INSERT_ITERATIVELY: PASSED
Test BST_PRINT_INORDER: FAILED
Test BST_PRINT_NODE_INFO: FAILED
Test BST_SEARCH_RECURSIVELY: FAILED
Test BST_SEARCH_ITERATIVELY: FAILED
Test BST_FIND_MIN_RECURSIVELY: FAILED
Test BST_FIND_MIN_ITERATIVELY: FAILED
Test BST_FIND_MAX_RECURSIVELY: FAILED
Test BST_FIND_MAX_ITERATIVELY: FAILED
Test BST_DATA: FAILED
Test BST_SUCCESSOR: FAILED
Test BST_PREDECESSOR: FAILED
Test BST_REMOVE: FAILED
Test BST_DESTRUCTOR: FAILED
3/16 tests were passed.
